<?xml version="1.0" encoding="UTF-8"?>
<testsuite xmlns:xsi="http://www.w3.org/2001/XMLSchema-instance" xsi:noNamespaceSchemaLocation="https://maven.apache.org/surefire/maven-surefire-plugin/xsd/surefire-test-report.xsd" name="testRunners.AmazonTest" time="0.39" tests="2" errors="0" skipped="0" failures="1">
  <properties>
    <property name="gopherProxySet" value="false"/>
    <property name="awt.toolkit" value="sun.lwawt.macosx.LWCToolkit"/>
    <property name="file.encoding.pkg" value="sun.io"/>
    <property name="java.specification.version" value="1.8"/>
    <property name="sun.cpu.isalist" value=""/>
    <property name="sun.jnu.encoding" value="UTF-8"/>
    <property name="java.class.path" value="/Users/arif_chowdhuary/eclipse-workspace/JavaProject/CucumberPractices/target/test-classes:/Users/arif_chowdhuary/eclipse-workspace/JavaProject/CucumberPractices/target/classes:/Users/arif_chowdhuary/.m2/repository/io/cucumber/cucumber-java/6.9.1/cucumber-java-6.9.1.jar:/Users/arif_chowdhuary/.m2/repository/io/cucumber/cucumber-core/6.9.1/cucumber-core-6.9.1.jar:/Users/arif_chowdhuary/.m2/repository/io/cucumber/cucumber-gherkin/6.9.1/cucumber-gherkin-6.9.1.jar:/Users/arif_chowdhuary/.m2/repository/io/cucumber/cucumber-gherkin-messages/6.9.1/cucumber-gherkin-messages-6.9.1.jar:/Users/arif_chowdhuary/.m2/repository/io/cucumber/messages/13.2.1/messages-13.2.1.jar:/Users/arif_chowdhuary/.m2/repository/io/cucumber/tag-expressions/3.0.0/tag-expressions-3.0.0.jar:/Users/arif_chowdhuary/.m2/repository/io/cucumber/cucumber-expressions/10.3.0/cucumber-expressions-10.3.0.jar:/Users/arif_chowdhuary/.m2/repository/io/cucumber/datatable/3.5.0/datatable-3.5.0.jar:/Users/arif_chowdhuary/.m2/repository/io/cucumber/cucumber-plugin/6.9.1/cucumber-plugin-6.9.1.jar:/Users/arif_chowdhuary/.m2/repository/io/cucumber/docstring/6.9.1/docstring-6.9.1.jar:/Users/arif_chowdhuary/.m2/repository/io/cucumber/html-formatter/9.0.0/html-formatter-9.0.0.jar:/Users/arif_chowdhuary/.m2/repository/io/cucumber/create-meta/2.0.4/create-meta-2.0.4.jar:/Users/arif_chowdhuary/.m2/repository/org/apiguardian/apiguardian-api/1.1.0/apiguardian-api-1.1.0.jar:/Users/arif_chowdhuary/.m2/repository/io/cucumber/cucumber-junit/6.9.1/cucumber-junit-6.9.1.jar:/Users/arif_chowdhuary/.m2/repository/junit/junit/4.13.1/junit-4.13.1.jar:/Users/arif_chowdhuary/.m2/repository/org/hamcrest/hamcrest-core/1.3/hamcrest-core-1.3.jar:"/>
    <property name="java.vm.vendor" value="Oracle Corporation"/>
    <property name="sun.arch.data.model" value="64"/>
    <property name="java.vendor.url" value="http://java.oracle.com/"/>
    <property name="user.timezone" value=""/>
    <property name="java.vm.specification.version" value="1.8"/>
    <property name="os.name" value="Mac OS X"/>
    <property name="user.country" value="US"/>
    <property name="sun.java.launcher" value="SUN_STANDARD"/>
    <property name="sun.boot.library.path" value="/Library/Java/JavaVirtualMachines/jdk1.8.0_221.jdk/Contents/Home/jre/lib"/>
    <property name="sun.java.command" value="/Users/arif_chowdhuary/eclipse-workspace/JavaProject/CucumberPractices/target/surefire/surefirebooter420791455243405805.jar /Users/arif_chowdhuary/eclipse-workspace/JavaProject/CucumberPractices/target/surefire 2020-12-21T04-17-58_221-jvmRun1 surefire3082803633674556537tmp surefire_01332889300905513547tmp"/>
    <property name="http.nonProxyHosts" value="local|*.local|169.254/16|*.169.254/16"/>
    <property name="surefire.test.class.path" value="/Users/arif_chowdhuary/eclipse-workspace/JavaProject/CucumberPractices/target/test-classes:/Users/arif_chowdhuary/eclipse-workspace/JavaProject/CucumberPractices/target/classes:/Users/arif_chowdhuary/.m2/repository/io/cucumber/cucumber-java/6.9.1/cucumber-java-6.9.1.jar:/Users/arif_chowdhuary/.m2/repository/io/cucumber/cucumber-core/6.9.1/cucumber-core-6.9.1.jar:/Users/arif_chowdhuary/.m2/repository/io/cucumber/cucumber-gherkin/6.9.1/cucumber-gherkin-6.9.1.jar:/Users/arif_chowdhuary/.m2/repository/io/cucumber/cucumber-gherkin-messages/6.9.1/cucumber-gherkin-messages-6.9.1.jar:/Users/arif_chowdhuary/.m2/repository/io/cucumber/messages/13.2.1/messages-13.2.1.jar:/Users/arif_chowdhuary/.m2/repository/io/cucumber/tag-expressions/3.0.0/tag-expressions-3.0.0.jar:/Users/arif_chowdhuary/.m2/repository/io/cucumber/cucumber-expressions/10.3.0/cucumber-expressions-10.3.0.jar:/Users/arif_chowdhuary/.m2/repository/io/cucumber/datatable/3.5.0/datatable-3.5.0.jar:/Users/arif_chowdhuary/.m2/repository/io/cucumber/cucumber-plugin/6.9.1/cucumber-plugin-6.9.1.jar:/Users/arif_chowdhuary/.m2/repository/io/cucumber/docstring/6.9.1/docstring-6.9.1.jar:/Users/arif_chowdhuary/.m2/repository/io/cucumber/html-formatter/9.0.0/html-formatter-9.0.0.jar:/Users/arif_chowdhuary/.m2/repository/io/cucumber/create-meta/2.0.4/create-meta-2.0.4.jar:/Users/arif_chowdhuary/.m2/repository/org/apiguardian/apiguardian-api/1.1.0/apiguardian-api-1.1.0.jar:/Users/arif_chowdhuary/.m2/repository/io/cucumber/cucumber-junit/6.9.1/cucumber-junit-6.9.1.jar:/Users/arif_chowdhuary/.m2/repository/junit/junit/4.13.1/junit-4.13.1.jar:/Users/arif_chowdhuary/.m2/repository/org/hamcrest/hamcrest-core/1.3/hamcrest-core-1.3.jar:"/>
    <property name="sun.cpu.endian" value="little"/>
    <property name="user.home" value="/Users/arif_chowdhuary"/>
    <property name="user.language" value="en"/>
    <property name="java.specification.vendor" value="Oracle Corporation"/>
    <property name="java.home" value="/Library/Java/JavaVirtualMachines/jdk1.8.0_221.jdk/Contents/Home/jre"/>
    <property name="basedir" value="/Users/arif_chowdhuary/eclipse-workspace/JavaProject/CucumberPractices"/>
    <property name="file.separator" value="/"/>
    <property name="line.separator" value="&#10;"/>
    <property name="java.vm.specification.vendor" value="Oracle Corporation"/>
    <property name="java.specification.name" value="Java Platform API Specification"/>
    <property name="java.awt.graphicsenv" value="sun.awt.CGraphicsEnvironment"/>
    <property name="surefire.real.class.path" value="/Users/arif_chowdhuary/eclipse-workspace/JavaProject/CucumberPractices/target/surefire/surefirebooter420791455243405805.jar"/>
    <property name="sun.boot.class.path" value="/Library/Java/JavaVirtualMachines/jdk1.8.0_221.jdk/Contents/Home/jre/lib/resources.jar:/Library/Java/JavaVirtualMachines/jdk1.8.0_221.jdk/Contents/Home/jre/lib/rt.jar:/Library/Java/JavaVirtualMachines/jdk1.8.0_221.jdk/Contents/Home/jre/lib/sunrsasign.jar:/Library/Java/JavaVirtualMachines/jdk1.8.0_221.jdk/Contents/Home/jre/lib/jsse.jar:/Library/Java/JavaVirtualMachines/jdk1.8.0_221.jdk/Contents/Home/jre/lib/jce.jar:/Library/Java/JavaVirtualMachines/jdk1.8.0_221.jdk/Contents/Home/jre/lib/charsets.jar:/Library/Java/JavaVirtualMachines/jdk1.8.0_221.jdk/Contents/Home/jre/lib/jfr.jar:/Library/Java/JavaVirtualMachines/jdk1.8.0_221.jdk/Contents/Home/jre/classes"/>
    <property name="sun.management.compiler" value="HotSpot 64-Bit Tiered Compilers"/>
    <property name="ftp.nonProxyHosts" value="local|*.local|169.254/16|*.169.254/16"/>
    <property name="java.runtime.version" value="1.8.0_221-b11"/>
    <property name="user.name" value="arif_chowdhuary"/>
    <property name="path.separator" value=":"/>
    <property name="os.version" value="10.16"/>
    <property name="java.endorsed.dirs" value="/Library/Java/JavaVirtualMachines/jdk1.8.0_221.jdk/Contents/Home/jre/lib/endorsed"/>
    <property name="java.runtime.name" value="Java(TM) SE Runtime Environment"/>
    <property name="file.encoding" value="UTF-8"/>
    <property name="java.vm.name" value="Java HotSpot(TM) 64-Bit Server VM"/>
    <property name="localRepository" value="/Users/arif_chowdhuary/.m2/repository"/>
    <property name="java.vendor.url.bug" value="http://bugreport.sun.com/bugreport/"/>
    <property name="java.io.tmpdir" value="/var/folders/j4/vzdsqcyj4qz0fk91ynrccznr0000gn/T/"/>
    <property name="java.version" value="1.8.0_221"/>
    <property name="user.dir" value="/Users/arif_chowdhuary/eclipse-workspace/JavaProject/CucumberPractices"/>
    <property name="os.arch" value="x86_64"/>
    <property name="java.vm.specification.name" value="Java Virtual Machine Specification"/>
    <property name="java.awt.printerjob" value="sun.lwawt.macosx.CPrinterJob"/>
    <property name="sun.os.patch.level" value="unknown"/>
    <property name="java.library.path" value="/Users/arif_chowdhuary/Library/Java/Extensions:/Library/Java/Extensions:/Network/Library/Java/Extensions:/System/Library/Java/Extensions:/usr/lib/java:."/>
    <property name="java.vm.info" value="mixed mode"/>
    <property name="java.vendor" value="Oracle Corporation"/>
    <property name="java.vm.version" value="25.221-b11"/>
    <property name="java.ext.dirs" value="/Users/arif_chowdhuary/Library/Java/Extensions:/Library/Java/JavaVirtualMachines/jdk1.8.0_221.jdk/Contents/Home/jre/lib/ext:/Library/Java/Extensions:/Network/Library/Java/Extensions:/System/Library/Java/Extensions:/usr/lib/java"/>
    <property name="sun.io.unicode.encoding" value="UnicodeBig"/>
    <property name="java.class.version" value="52.0"/>
    <property name="socksNonProxyHosts" value="local|*.local|169.254/16|*.169.254/16"/>
  </properties>
  <testcase name="Search a Product MAcBook air" classname="Amazon Search" time="0.111"/>
  <testcase name="Search a Product Iphone" classname="Amazon Search" time="0.012">
    <failure message="expected:&lt;Iphoneo&gt; but was:&lt;null&gt;" type="junit.framework.ComparisonFailure"><![CDATA[junit.framework.ComparisonFailure: expected:<Iphoneo> but was:<null>
]]></failure>
    <system-out><![CDATA[
@Regression
Scenario: Search a Product Iphone                               &amp#27;[90m# src/test/resources/AppFeatures/Search.feature:30&amp#27;[0m
take the screenshot
Step 1: I am on search page
  &amp#27;[32mGiven &amp#27;[0m&amp#27;[32mI have a search field on Amazon Page&amp#27;[0m                    &amp#27;[90m# stepDefinations.SearchSteps.i_have_a_search_field_on_amazon_page()&amp#27;[0m
refresh the page
take the screenshot
Step 2: Serach the product with name Iphoneo Price: 700
  &amp#27;[32mWhen &amp#27;[0m&amp#27;[32mI search for a product with name &amp#27;[0m&amp#27;[32m&amp#27;[1m"Iphoneo"&amp#27;[0m&amp#27;[32m and Price &amp#27;[0m&amp#27;[32m&amp#27;[1m700&amp#27;[0m &amp#27;[90m# stepDefinations.SearchSteps.i_search_for_a_product_with_name_and_price(java.lang.String,java.lang.Integer)&amp#27;[0m
refresh the page
take the screenshot
Step 3: Product Iphone is displayed
Search product is : null
  &amp#27;[31mThen &amp#27;[0m&amp#27;[31mProduct with name &amp#27;[0m&amp#27;[31m&amp#27;[1m"Iphone"&amp#27;[0m&amp#27;[31m should be displayed&amp#27;[0m           &amp#27;[90m# stepDefinations.SearchSteps.product_with_name_should_be_displayed(java.lang.String)&amp#27;[0m
      &amp#27;[31mjunit.framework.ComparisonFailure: expected:<Iphoneo> but was:<null>
	at junit.framework.Assert.assertEquals(Assert.java:100)
	at junit.framework.Assert.assertEquals(Assert.java:107)
	at stepDefinations.SearchSteps.product_with_name_should_be_displayed(SearchSteps.java:39)
	at ✽.Product with name "Iphone" should be displayed(file:///Users/arif_chowdhuary/eclipse-workspace/JavaProject/CucumberPractices/src/test/resources/AppFeatures/Search.feature:33)
&amp#27;[0m
refresh the page
  &amp#27;[36mThen &amp#27;[0m&amp#27;[36mYour order id is &amp#27;[0m&amp#27;[36m&amp#27;[1m09876&amp#27;[0m&amp#27;[36m and username is &amp#27;[0m&amp#27;[36m&amp#27;[1m"Chowdhuary"&amp#27;[0m      &amp#27;[90m# stepDefinations.SearchSteps.your_order_id_is_and_username_is(java.lang.Integer,java.lang.String)&amp#27;[0m
]]></system-out>
  </testcase>
</testsuite>